[ERROR] 2017-07-03 02:01:07.638 [pool-33-thread-10] JsoupUtil - Error while connecting to [http://mail-archives.apache.org/mod_mbox/maven-users/201503.mbox/%3c9975340.sQCSGgES85@herve-desktop%3e]. Refer stacktrace for detailed info
java.net.ConnectException: Connection timed out: connect
	at java.net.DualStackPlainSocketImpl.waitForConnect(Native Method) ~[?:1.8.0_72]
	at java.net.DualStackPlainSocketImpl.socketConnect(Unknown Source) ~[?:1.8.0_72]
	at java.net.AbstractPlainSocketImpl.doConnect(Unknown Source) ~[?:1.8.0_72]
	at java.net.AbstractPlainSocketImpl.connectToAddress(Unknown Source) ~[?:1.8.0_72]
	at java.net.AbstractPlainSocketImpl.connect(Unknown Source) ~[?:1.8.0_72]
	at java.net.PlainSocketImpl.connect(Unknown Source) ~[?:1.8.0_72]
	at java.net.SocksSocketImpl.connect(Unknown Source) ~[?:1.8.0_72]
	at java.net.Socket.connect(Unknown Source) ~[?:1.8.0_72]
	at sun.net.NetworkClient.doConnect(Unknown Source) ~[?:1.8.0_72]
	at sun.net.www.http.HttpClient.openServer(Unknown Source) ~[?:1.8.0_72]
	at sun.net.www.http.HttpClient.openServer(Unknown Source) ~[?:1.8.0_72]
	at sun.net.www.http.HttpClient.<init>(Unknown Source) ~[?:1.8.0_72]
	at sun.net.www.http.HttpClient.New(Unknown Source) ~[?:1.8.0_72]
	at sun.net.www.http.HttpClient.New(Unknown Source) ~[?:1.8.0_72]
	at sun.net.www.protocol.http.HttpURLConnection.getNewHttpClient(Unknown Source) ~[?:1.8.0_72]
	at sun.net.www.protocol.http.HttpURLConnection.plainConnect0(Unknown Source) ~[?:1.8.0_72]
	at sun.net.www.protocol.http.HttpURLConnection.plainConnect(Unknown Source) ~[?:1.8.0_72]
	at sun.net.www.protocol.http.HttpURLConnection.connect(Unknown Source) ~[?:1.8.0_72]
	at org.jsoup.helper.HttpConnection$Response.execute(HttpConnection.java:512) ~[jsoup-1.8.3.jar:?]
	at org.jsoup.helper.HttpConnection$Response.execute(HttpConnection.java:493) ~[jsoup-1.8.3.jar:?]
	at org.jsoup.helper.HttpConnection.execute(HttpConnection.java:205) ~[jsoup-1.8.3.jar:?]
	at org.jsoup.helper.HttpConnection.get(HttpConnection.java:194) ~[jsoup-1.8.3.jar:?]
	at com.pramathi.demo.webcrawler.util.JsoupUtil.createDocumentFromURL(JsoupUtil.java:34) ~[classes/:?]
	at com.pramathi.demo.webcrawler.service.MailListExtractor.lambda$run$0(MailListExtractor.java:41) ~[classes/:?]
	at java.util.concurrent.ThreadPoolExecutor.runWorker(Unknown Source) [?:1.8.0_72]
	at java.util.concurrent.ThreadPoolExecutor$Worker.run(Unknown Source) [?:1.8.0_72]
	at java.lang.Thread.run(Unknown Source) [?:1.8.0_72]
[ERROR] 2017-07-03 02:03:06.740 [pool-22-thread-5] JsoupUtil - Error while connecting to [http://mail-archives.apache.org/mod_mbox/maven-users/201509.mbox/%3c55E5CA93.2070602@web.de%3e]. Refer stacktrace for detailed info
java.net.ConnectException: Connection timed out: connect
	at java.net.DualStackPlainSocketImpl.waitForConnect(Native Method) ~[?:1.8.0_72]
	at java.net.DualStackPlainSocketImpl.socketConnect(Unknown Source) ~[?:1.8.0_72]
	at java.net.AbstractPlainSocketImpl.doConnect(Unknown Source) ~[?:1.8.0_72]
	at java.net.AbstractPlainSocketImpl.connectToAddress(Unknown Source) ~[?:1.8.0_72]
	at java.net.AbstractPlainSocketImpl.connect(Unknown Source) ~[?:1.8.0_72]
	at java.net.PlainSocketImpl.connect(Unknown Source) ~[?:1.8.0_72]
	at java.net.SocksSocketImpl.connect(Unknown Source) ~[?:1.8.0_72]
	at java.net.Socket.connect(Unknown Source) ~[?:1.8.0_72]
	at sun.net.NetworkClient.doConnect(Unknown Source) ~[?:1.8.0_72]
	at sun.net.www.http.HttpClient.openServer(Unknown Source) ~[?:1.8.0_72]
	at sun.net.www.http.HttpClient.openServer(Unknown Source) ~[?:1.8.0_72]
	at sun.net.www.http.HttpClient.<init>(Unknown Source) ~[?:1.8.0_72]
	at sun.net.www.http.HttpClient.New(Unknown Source) ~[?:1.8.0_72]
	at sun.net.www.http.HttpClient.New(Unknown Source) ~[?:1.8.0_72]
	at sun.net.www.protocol.http.HttpURLConnection.getNewHttpClient(Unknown Source) ~[?:1.8.0_72]
	at sun.net.www.protocol.http.HttpURLConnection.plainConnect0(Unknown Source) ~[?:1.8.0_72]
	at sun.net.www.protocol.http.HttpURLConnection.plainConnect(Unknown Source) ~[?:1.8.0_72]
	at sun.net.www.protocol.http.HttpURLConnection.connect(Unknown Source) ~[?:1.8.0_72]
	at org.jsoup.helper.HttpConnection$Response.execute(HttpConnection.java:512) ~[jsoup-1.8.3.jar:?]
	at org.jsoup.helper.HttpConnection$Response.execute(HttpConnection.java:493) ~[jsoup-1.8.3.jar:?]
	at org.jsoup.helper.HttpConnection.execute(HttpConnection.java:205) ~[jsoup-1.8.3.jar:?]
	at org.jsoup.helper.HttpConnection.get(HttpConnection.java:194) ~[jsoup-1.8.3.jar:?]
	at com.pramathi.demo.webcrawler.util.JsoupUtil.createDocumentFromURL(JsoupUtil.java:34) ~[classes/:?]
	at com.pramathi.demo.webcrawler.service.MailListExtractor.lambda$run$0(MailListExtractor.java:41) ~[classes/:?]
	at java.util.concurrent.ThreadPoolExecutor.runWorker(Unknown Source) [?:1.8.0_72]
	at java.util.concurrent.ThreadPoolExecutor$Worker.run(Unknown Source) [?:1.8.0_72]
	at java.lang.Thread.run(Unknown Source) [?:1.8.0_72]
[ERROR] 2017-07-03 02:03:06.823 [pool-22-thread-10] JsoupUtil - Error while connecting to [http://mail-archives.apache.org/mod_mbox/maven-users/201509.mbox/%3cCALy+7Un1oJq3zjTmPDH05PwGe8-2e3wLTyEXQmMjKO6i7dJ+pQ@mail.gmail.com%3e]. Refer stacktrace for detailed info
java.net.ConnectException: Connection timed out: connect
	at java.net.DualStackPlainSocketImpl.waitForConnect(Native Method) ~[?:1.8.0_72]
	at java.net.DualStackPlainSocketImpl.socketConnect(Unknown Source) ~[?:1.8.0_72]
	at java.net.AbstractPlainSocketImpl.doConnect(Unknown Source) ~[?:1.8.0_72]
	at java.net.AbstractPlainSocketImpl.connectToAddress(Unknown Source) ~[?:1.8.0_72]
	at java.net.AbstractPlainSocketImpl.connect(Unknown Source) ~[?:1.8.0_72]
	at java.net.PlainSocketImpl.connect(Unknown Source) ~[?:1.8.0_72]
	at java.net.SocksSocketImpl.connect(Unknown Source) ~[?:1.8.0_72]
	at java.net.Socket.connect(Unknown Source) ~[?:1.8.0_72]
	at sun.net.NetworkClient.doConnect(Unknown Source) ~[?:1.8.0_72]
	at sun.net.www.http.HttpClient.openServer(Unknown Source) ~[?:1.8.0_72]
	at sun.net.www.http.HttpClient.openServer(Unknown Source) ~[?:1.8.0_72]
	at sun.net.www.http.HttpClient.<init>(Unknown Source) ~[?:1.8.0_72]
	at sun.net.www.http.HttpClient.New(Unknown Source) ~[?:1.8.0_72]
	at sun.net.www.http.HttpClient.New(Unknown Source) ~[?:1.8.0_72]
	at sun.net.www.protocol.http.HttpURLConnection.getNewHttpClient(Unknown Source) ~[?:1.8.0_72]
	at sun.net.www.protocol.http.HttpURLConnection.plainConnect0(Unknown Source) ~[?:1.8.0_72]
	at sun.net.www.protocol.http.HttpURLConnection.plainConnect(Unknown Source) ~[?:1.8.0_72]
	at sun.net.www.protocol.http.HttpURLConnection.connect(Unknown Source) ~[?:1.8.0_72]
	at org.jsoup.helper.HttpConnection$Response.execute(HttpConnection.java:512) ~[jsoup-1.8.3.jar:?]
	at org.jsoup.helper.HttpConnection$Response.execute(HttpConnection.java:493) ~[jsoup-1.8.3.jar:?]
	at org.jsoup.helper.HttpConnection.execute(HttpConnection.java:205) ~[jsoup-1.8.3.jar:?]
	at org.jsoup.helper.HttpConnection.get(HttpConnection.java:194) ~[jsoup-1.8.3.jar:?]
	at com.pramathi.demo.webcrawler.util.JsoupUtil.createDocumentFromURL(JsoupUtil.java:34) ~[classes/:?]
	at com.pramathi.demo.webcrawler.service.MailListExtractor.lambda$run$0(MailListExtractor.java:41) ~[classes/:?]
	at java.util.concurrent.ThreadPoolExecutor.runWorker(Unknown Source) [?:1.8.0_72]
	at java.util.concurrent.ThreadPoolExecutor$Worker.run(Unknown Source) [?:1.8.0_72]
	at java.lang.Thread.run(Unknown Source) [?:1.8.0_72]
[ERROR] 2017-07-03 02:03:06.896 [pool-33-thread-5] JsoupUtil - Error while connecting to [http://mail-archives.apache.org/mod_mbox/maven-users/201507.mbox/%3c1435770887418-5839030.post@n5.nabble.com%3e]. Refer stacktrace for detailed info
java.net.ConnectException: Connection timed out: connect
	at java.net.DualStackPlainSocketImpl.waitForConnect(Native Method) ~[?:1.8.0_72]
	at java.net.DualStackPlainSocketImpl.socketConnect(Unknown Source) ~[?:1.8.0_72]
	at java.net.AbstractPlainSocketImpl.doConnect(Unknown Source) ~[?:1.8.0_72]
	at java.net.AbstractPlainSocketImpl.connectToAddress(Unknown Source) ~[?:1.8.0_72]
	at java.net.AbstractPlainSocketImpl.connect(Unknown Source) ~[?:1.8.0_72]
	at java.net.PlainSocketImpl.connect(Unknown Source) ~[?:1.8.0_72]
	at java.net.SocksSocketImpl.connect(Unknown Source) ~[?:1.8.0_72]
	at java.net.Socket.connect(Unknown Source) ~[?:1.8.0_72]
	at sun.net.NetworkClient.doConnect(Unknown Source) ~[?:1.8.0_72]
	at sun.net.www.http.HttpClient.openServer(Unknown Source) ~[?:1.8.0_72]
	at sun.net.www.http.HttpClient.openServer(Unknown Source) ~[?:1.8.0_72]
	at sun.net.www.http.HttpClient.<init>(Unknown Source) ~[?:1.8.0_72]
	at sun.net.www.http.HttpClient.New(Unknown Source) ~[?:1.8.0_72]
	at sun.net.www.http.HttpClient.New(Unknown Source) ~[?:1.8.0_72]
	at sun.net.www.protocol.http.HttpURLConnection.getNewHttpClient(Unknown Source) ~[?:1.8.0_72]
	at sun.net.www.protocol.http.HttpURLConnection.plainConnect0(Unknown Source) ~[?:1.8.0_72]
	at sun.net.www.protocol.http.HttpURLConnection.plainConnect(Unknown Source) ~[?:1.8.0_72]
	at sun.net.www.protocol.http.HttpURLConnection.connect(Unknown Source) ~[?:1.8.0_72]
	at org.jsoup.helper.HttpConnection$Response.execute(HttpConnection.java:512) ~[jsoup-1.8.3.jar:?]
	at org.jsoup.helper.HttpConnection$Response.execute(HttpConnection.java:493) ~[jsoup-1.8.3.jar:?]
	at org.jsoup.helper.HttpConnection.execute(HttpConnection.java:205) ~[jsoup-1.8.3.jar:?]
	at org.jsoup.helper.HttpConnection.get(HttpConnection.java:194) ~[jsoup-1.8.3.jar:?]
	at com.pramathi.demo.webcrawler.util.JsoupUtil.createDocumentFromURL(JsoupUtil.java:34) ~[classes/:?]
	at com.pramathi.demo.webcrawler.service.MailListExtractor.lambda$run$0(MailListExtractor.java:41) ~[classes/:?]
	at java.util.concurrent.ThreadPoolExecutor.runWorker(Unknown Source) [?:1.8.0_72]
	at java.util.concurrent.ThreadPoolExecutor$Worker.run(Unknown Source) [?:1.8.0_72]
	at java.lang.Thread.run(Unknown Source) [?:1.8.0_72]
[ERROR] 2017-07-03 02:03:07.325 [pool-36-thread-9] JsoupUtil - Error while connecting to [http://mail-archives.apache.org/mod_mbox/maven-users/201505.mbox/%3cCAPCjjnFdC=uRX9YeFYxy3pKwCPGUdBLKkbS_JcAGJKkXbSpbCg@mail.gmail.com%3e]. Refer stacktrace for detailed info
java.net.ConnectException: Connection timed out: connect
	at java.net.DualStackPlainSocketImpl.waitForConnect(Native Method) ~[?:1.8.0_72]
	at java.net.DualStackPlainSocketImpl.socketConnect(Unknown Source) ~[?:1.8.0_72]
	at java.net.AbstractPlainSocketImpl.doConnect(Unknown Source) ~[?:1.8.0_72]
	at java.net.AbstractPlainSocketImpl.connectToAddress(Unknown Source) ~[?:1.8.0_72]
	at java.net.AbstractPlainSocketImpl.connect(Unknown Source) ~[?:1.8.0_72]
	at java.net.PlainSocketImpl.connect(Unknown Source) ~[?:1.8.0_72]
	at java.net.SocksSocketImpl.connect(Unknown Source) ~[?:1.8.0_72]
	at java.net.Socket.connect(Unknown Source) ~[?:1.8.0_72]
	at sun.net.NetworkClient.doConnect(Unknown Source) ~[?:1.8.0_72]
	at sun.net.www.http.HttpClient.openServer(Unknown Source) ~[?:1.8.0_72]
	at sun.net.www.http.HttpClient.openServer(Unknown Source) ~[?:1.8.0_72]
	at sun.net.www.http.HttpClient.<init>(Unknown Source) ~[?:1.8.0_72]
	at sun.net.www.http.HttpClient.New(Unknown Source) ~[?:1.8.0_72]
	at sun.net.www.http.HttpClient.New(Unknown Source) ~[?:1.8.0_72]
	at sun.net.www.protocol.http.HttpURLConnection.getNewHttpClient(Unknown Source) ~[?:1.8.0_72]
	at sun.net.www.protocol.http.HttpURLConnection.plainConnect0(Unknown Source) ~[?:1.8.0_72]
	at sun.net.www.protocol.http.HttpURLConnection.plainConnect(Unknown Source) ~[?:1.8.0_72]
	at sun.net.www.protocol.http.HttpURLConnection.connect(Unknown Source) ~[?:1.8.0_72]
	at org.jsoup.helper.HttpConnection$Response.execute(HttpConnection.java:512) ~[jsoup-1.8.3.jar:?]
	at org.jsoup.helper.HttpConnection$Response.execute(HttpConnection.java:493) ~[jsoup-1.8.3.jar:?]
	at org.jsoup.helper.HttpConnection.execute(HttpConnection.java:205) ~[jsoup-1.8.3.jar:?]
	at org.jsoup.helper.HttpConnection.get(HttpConnection.java:194) ~[jsoup-1.8.3.jar:?]
	at com.pramathi.demo.webcrawler.util.JsoupUtil.createDocumentFromURL(JsoupUtil.java:34) ~[classes/:?]
	at com.pramathi.demo.webcrawler.service.MailListExtractor.lambda$run$0(MailListExtractor.java:41) ~[classes/:?]
	at java.util.concurrent.ThreadPoolExecutor.runWorker(Unknown Source) [?:1.8.0_72]
	at java.util.concurrent.ThreadPoolExecutor$Worker.run(Unknown Source) [?:1.8.0_72]
	at java.lang.Thread.run(Unknown Source) [?:1.8.0_72]
[ERROR] 2017-07-03 02:03:07.395 [pool-28-thread-10] JsoupUtil - Error while connecting to [http://mail-archives.apache.org/mod_mbox/maven-users/201509.mbox/%3cCAPCjjnHr1fiMbXh=53_oXJnXQqnKRxyZ55wYL_E1XPGNZRV5Fg@mail.gmail.com%3e]. Refer stacktrace for detailed info
java.net.ConnectException: Connection timed out: connect
	at java.net.DualStackPlainSocketImpl.waitForConnect(Native Method) ~[?:1.8.0_72]
	at java.net.DualStackPlainSocketImpl.socketConnect(Unknown Source) ~[?:1.8.0_72]
	at java.net.AbstractPlainSocketImpl.doConnect(Unknown Source) ~[?:1.8.0_72]
	at java.net.AbstractPlainSocketImpl.connectToAddress(Unknown Source) ~[?:1.8.0_72]
	at java.net.AbstractPlainSocketImpl.connect(Unknown Source) ~[?:1.8.0_72]
	at java.net.PlainSocketImpl.connect(Unknown Source) ~[?:1.8.0_72]
	at java.net.SocksSocketImpl.connect(Unknown Source) ~[?:1.8.0_72]
	at java.net.Socket.connect(Unknown Source) ~[?:1.8.0_72]
	at sun.net.NetworkClient.doConnect(Unknown Source) ~[?:1.8.0_72]
	at sun.net.www.http.HttpClient.openServer(Unknown Source) ~[?:1.8.0_72]
	at sun.net.www.http.HttpClient.openServer(Unknown Source) ~[?:1.8.0_72]
	at sun.net.www.http.HttpClient.<init>(Unknown Source) ~[?:1.8.0_72]
	at sun.net.www.http.HttpClient.New(Unknown Source) ~[?:1.8.0_72]
	at sun.net.www.http.HttpClient.New(Unknown Source) ~[?:1.8.0_72]
	at sun.net.www.protocol.http.HttpURLConnection.getNewHttpClient(Unknown Source) ~[?:1.8.0_72]
	at sun.net.www.protocol.http.HttpURLConnection.plainConnect0(Unknown Source) ~[?:1.8.0_72]
	at sun.net.www.protocol.http.HttpURLConnection.plainConnect(Unknown Source) ~[?:1.8.0_72]
	at sun.net.www.protocol.http.HttpURLConnection.connect(Unknown Source) ~[?:1.8.0_72]
	at org.jsoup.helper.HttpConnection$Response.execute(HttpConnection.java:512) ~[jsoup-1.8.3.jar:?]
	at org.jsoup.helper.HttpConnection$Response.execute(HttpConnection.java:493) ~[jsoup-1.8.3.jar:?]
	at org.jsoup.helper.HttpConnection.execute(HttpConnection.java:205) ~[jsoup-1.8.3.jar:?]
	at org.jsoup.helper.HttpConnection.get(HttpConnection.java:194) ~[jsoup-1.8.3.jar:?]
	at com.pramathi.demo.webcrawler.util.JsoupUtil.createDocumentFromURL(JsoupUtil.java:34) ~[classes/:?]
	at com.pramathi.demo.webcrawler.service.MailListExtractor.lambda$run$0(MailListExtractor.java:41) ~[classes/:?]
	at java.util.concurrent.ThreadPoolExecutor.runWorker(Unknown Source) [?:1.8.0_72]
	at java.util.concurrent.ThreadPoolExecutor$Worker.run(Unknown Source) [?:1.8.0_72]
	at java.lang.Thread.run(Unknown Source) [?:1.8.0_72]
[ERROR] 2017-07-03 02:03:07.633 [pool-38-thread-5] JsoupUtil - Error while connecting to [http://mail-archives.apache.org/mod_mbox/maven-users/201502.mbox/%3cCABOR3+wKHGXPqXZ=QFU2OjZUARjHF_YiEebz-voa=0sjVcWjRQ@mail.gmail.com%3e]. Refer stacktrace for detailed info
java.net.ConnectException: Connection timed out: connect
	at java.net.DualStackPlainSocketImpl.waitForConnect(Native Method) ~[?:1.8.0_72]
	at java.net.DualStackPlainSocketImpl.socketConnect(Unknown Source) ~[?:1.8.0_72]
	at java.net.AbstractPlainSocketImpl.doConnect(Unknown Source) ~[?:1.8.0_72]
	at java.net.AbstractPlainSocketImpl.connectToAddress(Unknown Source) ~[?:1.8.0_72]
	at java.net.AbstractPlainSocketImpl.connect(Unknown Source) ~[?:1.8.0_72]
	at java.net.PlainSocketImpl.connect(Unknown Source) ~[?:1.8.0_72]
	at java.net.SocksSocketImpl.connect(Unknown Source) ~[?:1.8.0_72]
	at java.net.Socket.connect(Unknown Source) ~[?:1.8.0_72]
	at sun.net.NetworkClient.doConnect(Unknown Source) ~[?:1.8.0_72]
	at sun.net.www.http.HttpClient.openServer(Unknown Source) ~[?:1.8.0_72]
	at sun.net.www.http.HttpClient.openServer(Unknown Source) ~[?:1.8.0_72]
	at sun.net.www.http.HttpClient.<init>(Unknown Source) ~[?:1.8.0_72]
	at sun.net.www.http.HttpClient.New(Unknown Source) ~[?:1.8.0_72]
	at sun.net.www.http.HttpClient.New(Unknown Source) ~[?:1.8.0_72]
	at sun.net.www.protocol.http.HttpURLConnection.getNewHttpClient(Unknown Source) ~[?:1.8.0_72]
	at sun.net.www.protocol.http.HttpURLConnection.plainConnect0(Unknown Source) ~[?:1.8.0_72]
	at sun.net.www.protocol.http.HttpURLConnection.plainConnect(Unknown Source) ~[?:1.8.0_72]
	at sun.net.www.protocol.http.HttpURLConnection.connect(Unknown Source) ~[?:1.8.0_72]
	at org.jsoup.helper.HttpConnection$Response.execute(HttpConnection.java:512) ~[jsoup-1.8.3.jar:?]
	at org.jsoup.helper.HttpConnection$Response.execute(HttpConnection.java:493) ~[jsoup-1.8.3.jar:?]
	at org.jsoup.helper.HttpConnection.execute(HttpConnection.java:205) ~[jsoup-1.8.3.jar:?]
	at org.jsoup.helper.HttpConnection.get(HttpConnection.java:194) ~[jsoup-1.8.3.jar:?]
	at com.pramathi.demo.webcrawler.util.JsoupUtil.createDocumentFromURL(JsoupUtil.java:34) ~[classes/:?]
	at com.pramathi.demo.webcrawler.service.MailListExtractor.lambda$run$0(MailListExtractor.java:41) ~[classes/:?]
	at java.util.concurrent.ThreadPoolExecutor.runWorker(Unknown Source) [?:1.8.0_72]
	at java.util.concurrent.ThreadPoolExecutor$Worker.run(Unknown Source) [?:1.8.0_72]
	at java.lang.Thread.run(Unknown Source) [?:1.8.0_72]
[ERROR] 2017-07-03 02:03:07.905 [pool-39-thread-10] JsoupUtil - Error while connecting to [http://mail-archives.apache.org/mod_mbox/maven-users/201504.mbox/%3cCAD44pJDGeu+2XD2B8cKG2nYjWGYZKtPeO-aMbFFFWrhaJ8GfgA@mail.gmail.com%3e]. Refer stacktrace for detailed info
java.net.ConnectException: Connection timed out: connect
	at java.net.DualStackPlainSocketImpl.waitForConnect(Native Method) ~[?:1.8.0_72]
	at java.net.DualStackPlainSocketImpl.socketConnect(Unknown Source) ~[?:1.8.0_72]
	at java.net.AbstractPlainSocketImpl.doConnect(Unknown Source) ~[?:1.8.0_72]
	at java.net.AbstractPlainSocketImpl.connectToAddress(Unknown Source) ~[?:1.8.0_72]
	at java.net.AbstractPlainSocketImpl.connect(Unknown Source) ~[?:1.8.0_72]
	at java.net.PlainSocketImpl.connect(Unknown Source) ~[?:1.8.0_72]
	at java.net.SocksSocketImpl.connect(Unknown Source) ~[?:1.8.0_72]
	at java.net.Socket.connect(Unknown Source) ~[?:1.8.0_72]
	at sun.net.NetworkClient.doConnect(Unknown Source) ~[?:1.8.0_72]
	at sun.net.www.http.HttpClient.openServer(Unknown Source) ~[?:1.8.0_72]
	at sun.net.www.http.HttpClient.openServer(Unknown Source) ~[?:1.8.0_72]
	at sun.net.www.http.HttpClient.<init>(Unknown Source) ~[?:1.8.0_72]
	at sun.net.www.http.HttpClient.New(Unknown Source) ~[?:1.8.0_72]
	at sun.net.www.http.HttpClient.New(Unknown Source) ~[?:1.8.0_72]
	at sun.net.www.protocol.http.HttpURLConnection.getNewHttpClient(Unknown Source) ~[?:1.8.0_72]
	at sun.net.www.protocol.http.HttpURLConnection.plainConnect0(Unknown Source) ~[?:1.8.0_72]
	at sun.net.www.protocol.http.HttpURLConnection.plainConnect(Unknown Source) ~[?:1.8.0_72]
	at sun.net.www.protocol.http.HttpURLConnection.connect(Unknown Source) ~[?:1.8.0_72]
	at org.jsoup.helper.HttpConnection$Response.execute(HttpConnection.java:512) ~[jsoup-1.8.3.jar:?]
	at org.jsoup.helper.HttpConnection$Response.execute(HttpConnection.java:493) ~[jsoup-1.8.3.jar:?]
	at org.jsoup.helper.HttpConnection.execute(HttpConnection.java:205) ~[jsoup-1.8.3.jar:?]
	at org.jsoup.helper.HttpConnection.get(HttpConnection.java:194) ~[jsoup-1.8.3.jar:?]
	at com.pramathi.demo.webcrawler.util.JsoupUtil.createDocumentFromURL(JsoupUtil.java:34) ~[classes/:?]
	at com.pramathi.demo.webcrawler.service.MailListExtractor.lambda$run$0(MailListExtractor.java:41) ~[classes/:?]
	at java.util.concurrent.ThreadPoolExecutor.runWorker(Unknown Source) [?:1.8.0_72]
	at java.util.concurrent.ThreadPoolExecutor$Worker.run(Unknown Source) [?:1.8.0_72]
	at java.lang.Thread.run(Unknown Source) [?:1.8.0_72]
[ERROR] 2017-07-03 02:03:07.923 [pool-40-thread-7] JsoupUtil - Error while connecting to [http://mail-archives.apache.org/mod_mbox/maven-users/201505.mbox/%3cCAFNCU--+8nZj-xzsyR6zLKpeRMbrUxbSePP6M_3A8UBXAJT9bA@mail.gmail.com%3e]. Refer stacktrace for detailed info
java.net.ConnectException: Connection timed out: connect
	at java.net.DualStackPlainSocketImpl.waitForConnect(Native Method) ~[?:1.8.0_72]
	at java.net.DualStackPlainSocketImpl.socketConnect(Unknown Source) ~[?:1.8.0_72]
	at java.net.AbstractPlainSocketImpl.doConnect(Unknown Source) ~[?:1.8.0_72]
	at java.net.AbstractPlainSocketImpl.connectToAddress(Unknown Source) ~[?:1.8.0_72]
	at java.net.AbstractPlainSocketImpl.connect(Unknown Source) ~[?:1.8.0_72]
	at java.net.PlainSocketImpl.connect(Unknown Source) ~[?:1.8.0_72]
	at java.net.SocksSocketImpl.connect(Unknown Source) ~[?:1.8.0_72]
	at java.net.Socket.connect(Unknown Source) ~[?:1.8.0_72]
	at sun.net.NetworkClient.doConnect(Unknown Source) ~[?:1.8.0_72]
	at sun.net.www.http.HttpClient.openServer(Unknown Source) ~[?:1.8.0_72]
	at sun.net.www.http.HttpClient.openServer(Unknown Source) ~[?:1.8.0_72]
	at sun.net.www.http.HttpClient.<init>(Unknown Source) ~[?:1.8.0_72]
	at sun.net.www.http.HttpClient.New(Unknown Source) ~[?:1.8.0_72]
	at sun.net.www.http.HttpClient.New(Unknown Source) ~[?:1.8.0_72]
	at sun.net.www.protocol.http.HttpURLConnection.getNewHttpClient(Unknown Source) ~[?:1.8.0_72]
	at sun.net.www.protocol.http.HttpURLConnection.plainConnect0(Unknown Source) ~[?:1.8.0_72]
	at sun.net.www.protocol.http.HttpURLConnection.plainConnect(Unknown Source) ~[?:1.8.0_72]
	at sun.net.www.protocol.http.HttpURLConnection.connect(Unknown Source) ~[?:1.8.0_72]
	at org.jsoup.helper.HttpConnection$Response.execute(HttpConnection.java:512) ~[jsoup-1.8.3.jar:?]
	at org.jsoup.helper.HttpConnection$Response.execute(HttpConnection.java:493) ~[jsoup-1.8.3.jar:?]
	at org.jsoup.helper.HttpConnection.execute(HttpConnection.java:205) ~[jsoup-1.8.3.jar:?]
	at org.jsoup.helper.HttpConnection.get(HttpConnection.java:194) ~[jsoup-1.8.3.jar:?]
	at com.pramathi.demo.webcrawler.util.JsoupUtil.createDocumentFromURL(JsoupUtil.java:34) ~[classes/:?]
	at com.pramathi.demo.webcrawler.service.MailListExtractor.lambda$run$0(MailListExtractor.java:41) ~[classes/:?]
	at java.util.concurrent.ThreadPoolExecutor.runWorker(Unknown Source) [?:1.8.0_72]
	at java.util.concurrent.ThreadPoolExecutor$Worker.run(Unknown Source) [?:1.8.0_72]
	at java.lang.Thread.run(Unknown Source) [?:1.8.0_72]
[ERROR] 2017-07-03 02:03:08.293 [pool-21-thread-10] JsoupUtil - Error while connecting to [http://mail-archives.apache.org/mod_mbox/maven-users/201511.mbox/%3c1447685705.48401.15.camel@m3y3r.de%3e]. Refer stacktrace for detailed info
java.net.ConnectException: Connection timed out: connect
	at java.net.DualStackPlainSocketImpl.waitForConnect(Native Method) ~[?:1.8.0_72]
	at java.net.DualStackPlainSocketImpl.socketConnect(Unknown Source) ~[?:1.8.0_72]
	at java.net.AbstractPlainSocketImpl.doConnect(Unknown Source) ~[?:1.8.0_72]
	at java.net.AbstractPlainSocketImpl.connectToAddress(Unknown Source) ~[?:1.8.0_72]
	at java.net.AbstractPlainSocketImpl.connect(Unknown Source) ~[?:1.8.0_72]
	at java.net.PlainSocketImpl.connect(Unknown Source) ~[?:1.8.0_72]
	at java.net.SocksSocketImpl.connect(Unknown Source) ~[?:1.8.0_72]
	at java.net.Socket.connect(Unknown Source) ~[?:1.8.0_72]
	at sun.net.NetworkClient.doConnect(Unknown Source) ~[?:1.8.0_72]
	at sun.net.www.http.HttpClient.openServer(Unknown Source) ~[?:1.8.0_72]
	at sun.net.www.http.HttpClient.openServer(Unknown Source) ~[?:1.8.0_72]
	at sun.net.www.http.HttpClient.<init>(Unknown Source) ~[?:1.8.0_72]
	at sun.net.www.http.HttpClient.New(Unknown Source) ~[?:1.8.0_72]
	at sun.net.www.http.HttpClient.New(Unknown Source) ~[?:1.8.0_72]
	at sun.net.www.protocol.http.HttpURLConnection.getNewHttpClient(Unknown Source) ~[?:1.8.0_72]
	at sun.net.www.protocol.http.HttpURLConnection.plainConnect0(Unknown Source) ~[?:1.8.0_72]
	at sun.net.www.protocol.http.HttpURLConnection.plainConnect(Unknown Source) ~[?:1.8.0_72]
	at sun.net.www.protocol.http.HttpURLConnection.connect(Unknown Source) ~[?:1.8.0_72]
	at org.jsoup.helper.HttpConnection$Response.execute(HttpConnection.java:512) ~[jsoup-1.8.3.jar:?]
	at org.jsoup.helper.HttpConnection$Response.execute(HttpConnection.java:493) ~[jsoup-1.8.3.jar:?]
	at org.jsoup.helper.HttpConnection.execute(HttpConnection.java:205) ~[jsoup-1.8.3.jar:?]
	at org.jsoup.helper.HttpConnection.get(HttpConnection.java:194) ~[jsoup-1.8.3.jar:?]
	at com.pramathi.demo.webcrawler.util.JsoupUtil.createDocumentFromURL(JsoupUtil.java:34) ~[classes/:?]
	at com.pramathi.demo.webcrawler.service.MailListExtractor.lambda$run$0(MailListExtractor.java:41) ~[classes/:?]
	at java.util.concurrent.ThreadPoolExecutor.runWorker(Unknown Source) [?:1.8.0_72]
	at java.util.concurrent.ThreadPoolExecutor$Worker.run(Unknown Source) [?:1.8.0_72]
	at java.lang.Thread.run(Unknown Source) [?:1.8.0_72]
[ERROR] 2017-07-03 02:03:09.524 [pool-26-thread-4] JsoupUtil - Error while connecting to [http://mail-archives.apache.org/mod_mbox/maven-users/201506.mbox/%3cCANyrOm787jO2XvBtp5eeaxFkRRbe0qA0t1HpJTK4_bt6kiCwOg@mail.gmail.com%3e]. Refer stacktrace for detailed info
java.net.ConnectException: Connection timed out: connect
	at java.net.DualStackPlainSocketImpl.waitForConnect(Native Method) ~[?:1.8.0_72]
	at java.net.DualStackPlainSocketImpl.socketConnect(Unknown Source) ~[?:1.8.0_72]
	at java.net.AbstractPlainSocketImpl.doConnect(Unknown Source) ~[?:1.8.0_72]
	at java.net.AbstractPlainSocketImpl.connectToAddress(Unknown Source) ~[?:1.8.0_72]
	at java.net.AbstractPlainSocketImpl.connect(Unknown Source) ~[?:1.8.0_72]
	at java.net.PlainSocketImpl.connect(Unknown Source) ~[?:1.8.0_72]
	at java.net.SocksSocketImpl.connect(Unknown Source) ~[?:1.8.0_72]
	at java.net.Socket.connect(Unknown Source) ~[?:1.8.0_72]
	at sun.net.NetworkClient.doConnect(Unknown Source) ~[?:1.8.0_72]
	at sun.net.www.http.HttpClient.openServer(Unknown Source) ~[?:1.8.0_72]
	at sun.net.www.http.HttpClient.openServer(Unknown Source) ~[?:1.8.0_72]
	at sun.net.www.http.HttpClient.<init>(Unknown Source) ~[?:1.8.0_72]
	at sun.net.www.http.HttpClient.New(Unknown Source) ~[?:1.8.0_72]
	at sun.net.www.http.HttpClient.New(Unknown Source) ~[?:1.8.0_72]
	at sun.net.www.protocol.http.HttpURLConnection.getNewHttpClient(Unknown Source) ~[?:1.8.0_72]
	at sun.net.www.protocol.http.HttpURLConnection.plainConnect0(Unknown Source) ~[?:1.8.0_72]
	at sun.net.www.protocol.http.HttpURLConnection.plainConnect(Unknown Source) ~[?:1.8.0_72]
	at sun.net.www.protocol.http.HttpURLConnection.connect(Unknown Source) ~[?:1.8.0_72]
	at org.jsoup.helper.HttpConnection$Response.execute(HttpConnection.java:512) ~[jsoup-1.8.3.jar:?]
	at org.jsoup.helper.HttpConnection$Response.execute(HttpConnection.java:493) ~[jsoup-1.8.3.jar:?]
	at org.jsoup.helper.HttpConnection.execute(HttpConnection.java:205) ~[jsoup-1.8.3.jar:?]
	at org.jsoup.helper.HttpConnection.get(HttpConnection.java:194) ~[jsoup-1.8.3.jar:?]
	at com.pramathi.demo.webcrawler.util.JsoupUtil.createDocumentFromURL(JsoupUtil.java:34) ~[classes/:?]
	at com.pramathi.demo.webcrawler.service.MailListExtractor.lambda$run$0(MailListExtractor.java:41) ~[classes/:?]
	at java.util.concurrent.ThreadPoolExecutor.runWorker(Unknown Source) [?:1.8.0_72]
	at java.util.concurrent.ThreadPoolExecutor$Worker.run(Unknown Source) [?:1.8.0_72]
	at java.lang.Thread.run(Unknown Source) [?:1.8.0_72]
[ERROR] 2017-07-03 02:14:08.342 [pool-31-thread-8] JsoupUtil - Error while connecting to [http://mail-archives.apache.org/mod_mbox/maven-users/201503.mbox/%3cCAK_MoSs5P_wMwf8L=sw11DAaVCj=Vxp0U1YnUeutuQ=pr-eSLA@mail.gmail.com%3e]. Refer stacktrace for detailed info
java.net.ConnectException: Connection timed out: connect
	at java.net.DualStackPlainSocketImpl.waitForConnect(Native Method) ~[?:1.8.0_72]
	at java.net.DualStackPlainSocketImpl.socketConnect(Unknown Source) ~[?:1.8.0_72]
	at java.net.AbstractPlainSocketImpl.doConnect(Unknown Source) ~[?:1.8.0_72]
	at java.net.AbstractPlainSocketImpl.connectToAddress(Unknown Source) ~[?:1.8.0_72]
	at java.net.AbstractPlainSocketImpl.connect(Unknown Source) ~[?:1.8.0_72]
	at java.net.PlainSocketImpl.connect(Unknown Source) ~[?:1.8.0_72]
	at java.net.SocksSocketImpl.connect(Unknown Source) ~[?:1.8.0_72]
	at java.net.Socket.connect(Unknown Source) ~[?:1.8.0_72]
	at sun.net.NetworkClient.doConnect(Unknown Source) ~[?:1.8.0_72]
	at sun.net.www.http.HttpClient.openServer(Unknown Source) ~[?:1.8.0_72]
	at sun.net.www.http.HttpClient.openServer(Unknown Source) ~[?:1.8.0_72]
	at sun.net.www.http.HttpClient.<init>(Unknown Source) ~[?:1.8.0_72]
	at sun.net.www.http.HttpClient.New(Unknown Source) ~[?:1.8.0_72]
	at sun.net.www.http.HttpClient.New(Unknown Source) ~[?:1.8.0_72]
	at sun.net.www.protocol.http.HttpURLConnection.getNewHttpClient(Unknown Source) ~[?:1.8.0_72]
	at sun.net.www.protocol.http.HttpURLConnection.plainConnect0(Unknown Source) ~[?:1.8.0_72]
	at sun.net.www.protocol.http.HttpURLConnection.plainConnect(Unknown Source) ~[?:1.8.0_72]
	at sun.net.www.protocol.http.HttpURLConnection.connect(Unknown Source) ~[?:1.8.0_72]
	at org.jsoup.helper.HttpConnection$Response.execute(HttpConnection.java:512) ~[jsoup-1.8.3.jar:?]
	at org.jsoup.helper.HttpConnection$Response.execute(HttpConnection.java:493) ~[jsoup-1.8.3.jar:?]
	at org.jsoup.helper.HttpConnection.execute(HttpConnection.java:205) ~[jsoup-1.8.3.jar:?]
	at org.jsoup.helper.HttpConnection.get(HttpConnection.java:194) ~[jsoup-1.8.3.jar:?]
	at com.pramathi.demo.webcrawler.util.JsoupUtil.createDocumentFromURL(JsoupUtil.java:34) ~[classes/:?]
	at com.pramathi.demo.webcrawler.service.MailListHandler.lambda$0(MailListHandler.java:39) ~[classes/:?]
	at java.util.concurrent.ThreadPoolExecutor.runWorker(Unknown Source) [?:1.8.0_72]
	at java.util.concurrent.ThreadPoolExecutor$Worker.run(Unknown Source) [?:1.8.0_72]
	at java.lang.Thread.run(Unknown Source) [?:1.8.0_72]
[ERROR] 2017-07-03 02:14:08.576 [pool-16-thread-6] JsoupUtil - Error while connecting to [http://mail-archives.apache.org/mod_mbox/maven-users/201508.mbox/%3c55D33DF5.70007@artifact-software.com%3e]. Refer stacktrace for detailed info
java.net.ConnectException: Connection timed out: connect
	at java.net.DualStackPlainSocketImpl.waitForConnect(Native Method) ~[?:1.8.0_72]
	at java.net.DualStackPlainSocketImpl.socketConnect(Unknown Source) ~[?:1.8.0_72]
	at java.net.AbstractPlainSocketImpl.doConnect(Unknown Source) ~[?:1.8.0_72]
	at java.net.AbstractPlainSocketImpl.connectToAddress(Unknown Source) ~[?:1.8.0_72]
	at java.net.AbstractPlainSocketImpl.connect(Unknown Source) ~[?:1.8.0_72]
	at java.net.PlainSocketImpl.connect(Unknown Source) ~[?:1.8.0_72]
	at java.net.SocksSocketImpl.connect(Unknown Source) ~[?:1.8.0_72]
	at java.net.Socket.connect(Unknown Source) ~[?:1.8.0_72]
	at sun.net.NetworkClient.doConnect(Unknown Source) ~[?:1.8.0_72]
	at sun.net.www.http.HttpClient.openServer(Unknown Source) ~[?:1.8.0_72]
	at sun.net.www.http.HttpClient.openServer(Unknown Source) ~[?:1.8.0_72]
	at sun.net.www.http.HttpClient.<init>(Unknown Source) ~[?:1.8.0_72]
	at sun.net.www.http.HttpClient.New(Unknown Source) ~[?:1.8.0_72]
	at sun.net.www.http.HttpClient.New(Unknown Source) ~[?:1.8.0_72]
	at sun.net.www.protocol.http.HttpURLConnection.getNewHttpClient(Unknown Source) ~[?:1.8.0_72]
	at sun.net.www.protocol.http.HttpURLConnection.plainConnect0(Unknown Source) ~[?:1.8.0_72]
	at sun.net.www.protocol.http.HttpURLConnection.plainConnect(Unknown Source) ~[?:1.8.0_72]
	at sun.net.www.protocol.http.HttpURLConnection.connect(Unknown Source) ~[?:1.8.0_72]
	at org.jsoup.helper.HttpConnection$Response.execute(HttpConnection.java:512) ~[jsoup-1.8.3.jar:?]
	at org.jsoup.helper.HttpConnection$Response.execute(HttpConnection.java:493) ~[jsoup-1.8.3.jar:?]
	at org.jsoup.helper.HttpConnection.execute(HttpConnection.java:205) ~[jsoup-1.8.3.jar:?]
	at org.jsoup.helper.HttpConnection.get(HttpConnection.java:194) ~[jsoup-1.8.3.jar:?]
	at com.pramathi.demo.webcrawler.util.JsoupUtil.createDocumentFromURL(JsoupUtil.java:34) ~[classes/:?]
	at com.pramathi.demo.webcrawler.service.MailListHandler.lambda$0(MailListHandler.java:39) ~[classes/:?]
	at java.util.concurrent.ThreadPoolExecutor.runWorker(Unknown Source) [?:1.8.0_72]
	at java.util.concurrent.ThreadPoolExecutor$Worker.run(Unknown Source) [?:1.8.0_72]
	at java.lang.Thread.run(Unknown Source) [?:1.8.0_72]
[ERROR] 2017-07-03 02:14:09.476 [pool-20-thread-7] JsoupUtil - Error while connecting to [http://mail-archives.apache.org/mod_mbox/maven-users/201512.mbox/%3cBLU172-W18E8E9AC24391B307E5C3EAE0E0@phx.gbl%3e]. Refer stacktrace for detailed info
java.net.ConnectException: Connection timed out: connect
	at java.net.DualStackPlainSocketImpl.waitForConnect(Native Method) ~[?:1.8.0_72]
	at java.net.DualStackPlainSocketImpl.socketConnect(Unknown Source) ~[?:1.8.0_72]
	at java.net.AbstractPlainSocketImpl.doConnect(Unknown Source) ~[?:1.8.0_72]
	at java.net.AbstractPlainSocketImpl.connectToAddress(Unknown Source) ~[?:1.8.0_72]
	at java.net.AbstractPlainSocketImpl.connect(Unknown Source) ~[?:1.8.0_72]
	at java.net.PlainSocketImpl.connect(Unknown Source) ~[?:1.8.0_72]
	at java.net.SocksSocketImpl.connect(Unknown Source) ~[?:1.8.0_72]
	at java.net.Socket.connect(Unknown Source) ~[?:1.8.0_72]
	at sun.net.NetworkClient.doConnect(Unknown Source) ~[?:1.8.0_72]
	at sun.net.www.http.HttpClient.openServer(Unknown Source) ~[?:1.8.0_72]
	at sun.net.www.http.HttpClient.openServer(Unknown Source) ~[?:1.8.0_72]
	at sun.net.www.http.HttpClient.<init>(Unknown Source) ~[?:1.8.0_72]
	at sun.net.www.http.HttpClient.New(Unknown Source) ~[?:1.8.0_72]
	at sun.net.www.http.HttpClient.New(Unknown Source) ~[?:1.8.0_72]
	at sun.net.www.protocol.http.HttpURLConnection.getNewHttpClient(Unknown Source) ~[?:1.8.0_72]
	at sun.net.www.protocol.http.HttpURLConnection.plainConnect0(Unknown Source) ~[?:1.8.0_72]
	at sun.net.www.protocol.http.HttpURLConnection.plainConnect(Unknown Source) ~[?:1.8.0_72]
	at sun.net.www.protocol.http.HttpURLConnection.connect(Unknown Source) ~[?:1.8.0_72]
	at org.jsoup.helper.HttpConnection$Response.execute(HttpConnection.java:512) ~[jsoup-1.8.3.jar:?]
	at org.jsoup.helper.HttpConnection$Response.execute(HttpConnection.java:493) ~[jsoup-1.8.3.jar:?]
	at org.jsoup.helper.HttpConnection.execute(HttpConnection.java:205) ~[jsoup-1.8.3.jar:?]
	at org.jsoup.helper.HttpConnection.get(HttpConnection.java:194) ~[jsoup-1.8.3.jar:?]
	at com.pramathi.demo.webcrawler.util.JsoupUtil.createDocumentFromURL(JsoupUtil.java:34) ~[classes/:?]
	at com.pramathi.demo.webcrawler.service.MailListHandler.lambda$0(MailListHandler.java:39) ~[classes/:?]
	at java.util.concurrent.ThreadPoolExecutor.runWorker(Unknown Source) [?:1.8.0_72]
	at java.util.concurrent.ThreadPoolExecutor$Worker.run(Unknown Source) [?:1.8.0_72]
	at java.lang.Thread.run(Unknown Source) [?:1.8.0_72]
[ERROR] 2017-07-03 02:14:09.777 [pool-30-thread-5] JsoupUtil - Error while connecting to [http://mail-archives.apache.org/mod_mbox/maven-users/201503.mbox/%3cFF509A04-8E2A-4455-8AD8-8A70B40BAD36@gmx.net%3e]. Refer stacktrace for detailed info
java.net.ConnectException: Connection timed out: connect
	at java.net.DualStackPlainSocketImpl.waitForConnect(Native Method) ~[?:1.8.0_72]
	at java.net.DualStackPlainSocketImpl.socketConnect(Unknown Source) ~[?:1.8.0_72]
	at java.net.AbstractPlainSocketImpl.doConnect(Unknown Source) ~[?:1.8.0_72]
	at java.net.AbstractPlainSocketImpl.connectToAddress(Unknown Source) ~[?:1.8.0_72]
	at java.net.AbstractPlainSocketImpl.connect(Unknown Source) ~[?:1.8.0_72]
	at java.net.PlainSocketImpl.connect(Unknown Source) ~[?:1.8.0_72]
	at java.net.SocksSocketImpl.connect(Unknown Source) ~[?:1.8.0_72]
	at java.net.Socket.connect(Unknown Source) ~[?:1.8.0_72]
	at sun.net.NetworkClient.doConnect(Unknown Source) ~[?:1.8.0_72]
	at sun.net.www.http.HttpClient.openServer(Unknown Source) ~[?:1.8.0_72]
	at sun.net.www.http.HttpClient.openServer(Unknown Source) ~[?:1.8.0_72]
	at sun.net.www.http.HttpClient.<init>(Unknown Source) ~[?:1.8.0_72]
	at sun.net.www.http.HttpClient.New(Unknown Source) ~[?:1.8.0_72]
	at sun.net.www.http.HttpClient.New(Unknown Source) ~[?:1.8.0_72]
	at sun.net.www.protocol.http.HttpURLConnection.getNewHttpClient(Unknown Source) ~[?:1.8.0_72]
	at sun.net.www.protocol.http.HttpURLConnection.plainConnect0(Unknown Source) ~[?:1.8.0_72]
	at sun.net.www.protocol.http.HttpURLConnection.plainConnect(Unknown Source) ~[?:1.8.0_72]
	at sun.net.www.protocol.http.HttpURLConnection.connect(Unknown Source) ~[?:1.8.0_72]
	at org.jsoup.helper.HttpConnection$Response.execute(HttpConnection.java:512) ~[jsoup-1.8.3.jar:?]
	at org.jsoup.helper.HttpConnection$Response.execute(HttpConnection.java:493) ~[jsoup-1.8.3.jar:?]
	at org.jsoup.helper.HttpConnection.execute(HttpConnection.java:205) ~[jsoup-1.8.3.jar:?]
	at org.jsoup.helper.HttpConnection.get(HttpConnection.java:194) ~[jsoup-1.8.3.jar:?]
	at com.pramathi.demo.webcrawler.util.JsoupUtil.createDocumentFromURL(JsoupUtil.java:34) ~[classes/:?]
	at com.pramathi.demo.webcrawler.service.MailListHandler.lambda$0(MailListHandler.java:39) ~[classes/:?]
	at java.util.concurrent.ThreadPoolExecutor.runWorker(Unknown Source) [?:1.8.0_72]
	at java.util.concurrent.ThreadPoolExecutor$Worker.run(Unknown Source) [?:1.8.0_72]
	at java.lang.Thread.run(Unknown Source) [?:1.8.0_72]
[ERROR] 2017-07-03 02:17:49.551 [pool-16-thread-1] JsoupUtil - Error while connecting to [http://mail-archives.apache.org/mod_mbox/maven-users/201511.mbox/%3c564A69C4.4000300@javactivity.org%3e]. Refer stacktrace for detailed info
java.net.ConnectException: Connection timed out: connect
	at java.net.DualStackPlainSocketImpl.waitForConnect(Native Method) ~[?:1.8.0_72]
	at java.net.DualStackPlainSocketImpl.socketConnect(Unknown Source) ~[?:1.8.0_72]
	at java.net.AbstractPlainSocketImpl.doConnect(Unknown Source) ~[?:1.8.0_72]
	at java.net.AbstractPlainSocketImpl.connectToAddress(Unknown Source) ~[?:1.8.0_72]
	at java.net.AbstractPlainSocketImpl.connect(Unknown Source) ~[?:1.8.0_72]
	at java.net.PlainSocketImpl.connect(Unknown Source) ~[?:1.8.0_72]
	at java.net.SocksSocketImpl.connect(Unknown Source) ~[?:1.8.0_72]
	at java.net.Socket.connect(Unknown Source) ~[?:1.8.0_72]
	at sun.net.NetworkClient.doConnect(Unknown Source) ~[?:1.8.0_72]
	at sun.net.www.http.HttpClient.openServer(Unknown Source) ~[?:1.8.0_72]
	at sun.net.www.http.HttpClient.openServer(Unknown Source) ~[?:1.8.0_72]
	at sun.net.www.http.HttpClient.<init>(Unknown Source) ~[?:1.8.0_72]
	at sun.net.www.http.HttpClient.New(Unknown Source) ~[?:1.8.0_72]
	at sun.net.www.http.HttpClient.New(Unknown Source) ~[?:1.8.0_72]
	at sun.net.www.protocol.http.HttpURLConnection.getNewHttpClient(Unknown Source) ~[?:1.8.0_72]
	at sun.net.www.protocol.http.HttpURLConnection.plainConnect0(Unknown Source) ~[?:1.8.0_72]
	at sun.net.www.protocol.http.HttpURLConnection.plainConnect(Unknown Source) ~[?:1.8.0_72]
	at sun.net.www.protocol.http.HttpURLConnection.connect(Unknown Source) ~[?:1.8.0_72]
	at org.jsoup.helper.HttpConnection$Response.execute(HttpConnection.java:512) ~[jsoup-1.8.3.jar:?]
	at org.jsoup.helper.HttpConnection$Response.execute(HttpConnection.java:493) ~[jsoup-1.8.3.jar:?]
	at org.jsoup.helper.HttpConnection.execute(HttpConnection.java:205) ~[jsoup-1.8.3.jar:?]
	at org.jsoup.helper.HttpConnection.get(HttpConnection.java:194) ~[jsoup-1.8.3.jar:?]
	at com.pramathi.demo.webcrawler.util.JsoupUtil.createDocumentFromURL(JsoupUtil.java:34) ~[classes/:?]
	at com.pramathi.demo.webcrawler.service.MailListHandler.lambda$0(MailListHandler.java:39) ~[classes/:?]
	at java.util.concurrent.ThreadPoolExecutor.runWorker(Unknown Source) [?:1.8.0_72]
	at java.util.concurrent.ThreadPoolExecutor$Worker.run(Unknown Source) [?:1.8.0_72]
	at java.lang.Thread.run(Unknown Source) [?:1.8.0_72]
[ERROR] 2017-07-03 02:17:49.557 [pool-16-thread-2] JsoupUtil - Error while connecting to [http://mail-archives.apache.org/mod_mbox/maven-users/201511.mbox/%3cCADN69y=WFOgjcSj01wZBmyta7TuTTFuOTzdyN7JxFwz=S4rBUw@mail.gmail.com%3e]. Refer stacktrace for detailed info
java.net.ConnectException: Connection timed out: connect
	at java.net.DualStackPlainSocketImpl.waitForConnect(Native Method) ~[?:1.8.0_72]
	at java.net.DualStackPlainSocketImpl.socketConnect(Unknown Source) ~[?:1.8.0_72]
	at java.net.AbstractPlainSocketImpl.doConnect(Unknown Source) ~[?:1.8.0_72]
	at java.net.AbstractPlainSocketImpl.connectToAddress(Unknown Source) ~[?:1.8.0_72]
	at java.net.AbstractPlainSocketImpl.connect(Unknown Source) ~[?:1.8.0_72]
	at java.net.PlainSocketImpl.connect(Unknown Source) ~[?:1.8.0_72]
	at java.net.SocksSocketImpl.connect(Unknown Source) ~[?:1.8.0_72]
	at java.net.Socket.connect(Unknown Source) ~[?:1.8.0_72]
	at sun.net.NetworkClient.doConnect(Unknown Source) ~[?:1.8.0_72]
	at sun.net.www.http.HttpClient.openServer(Unknown Source) ~[?:1.8.0_72]
	at sun.net.www.http.HttpClient.openServer(Unknown Source) ~[?:1.8.0_72]
	at sun.net.www.http.HttpClient.<init>(Unknown Source) ~[?:1.8.0_72]
	at sun.net.www.http.HttpClient.New(Unknown Source) ~[?:1.8.0_72]
	at sun.net.www.http.HttpClient.New(Unknown Source) ~[?:1.8.0_72]
	at sun.net.www.protocol.http.HttpURLConnection.getNewHttpClient(Unknown Source) ~[?:1.8.0_72]
	at sun.net.www.protocol.http.HttpURLConnection.plainConnect0(Unknown Source) ~[?:1.8.0_72]
	at sun.net.www.protocol.http.HttpURLConnection.plainConnect(Unknown Source) ~[?:1.8.0_72]
	at sun.net.www.protocol.http.HttpURLConnection.connect(Unknown Source) ~[?:1.8.0_72]
	at org.jsoup.helper.HttpConnection$Response.execute(HttpConnection.java:512) ~[jsoup-1.8.3.jar:?]
	at org.jsoup.helper.HttpConnection$Response.execute(HttpConnection.java:493) ~[jsoup-1.8.3.jar:?]
	at org.jsoup.helper.HttpConnection.execute(HttpConnection.java:205) ~[jsoup-1.8.3.jar:?]
	at org.jsoup.helper.HttpConnection.get(HttpConnection.java:194) ~[jsoup-1.8.3.jar:?]
	at com.pramathi.demo.webcrawler.util.JsoupUtil.createDocumentFromURL(JsoupUtil.java:34) ~[classes/:?]
	at com.pramathi.demo.webcrawler.service.MailListHandler.lambda$0(MailListHandler.java:39) ~[classes/:?]
	at java.util.concurrent.ThreadPoolExecutor.runWorker(Unknown Source) [?:1.8.0_72]
	at java.util.concurrent.ThreadPoolExecutor$Worker.run(Unknown Source) [?:1.8.0_72]
	at java.lang.Thread.run(Unknown Source) [?:1.8.0_72]
[ERROR] 2017-07-03 02:17:49.564 [pool-18-thread-1] JsoupUtil - Error while connecting to [http://mail-archives.apache.org/mod_mbox/maven-users/201510.mbox/%3cCALjkbv+yHE6GAztiO8YwBGye_E9xnfLNgbmUiJuEvjQ9hvfDNw@mail.gmail.com%3e]. Refer stacktrace for detailed info
java.net.ConnectException: Connection timed out: connect
	at java.net.DualStackPlainSocketImpl.waitForConnect(Native Method) ~[?:1.8.0_72]
	at java.net.DualStackPlainSocketImpl.socketConnect(Unknown Source) ~[?:1.8.0_72]
	at java.net.AbstractPlainSocketImpl.doConnect(Unknown Source) ~[?:1.8.0_72]
	at java.net.AbstractPlainSocketImpl.connectToAddress(Unknown Source) ~[?:1.8.0_72]
	at java.net.AbstractPlainSocketImpl.connect(Unknown Source) ~[?:1.8.0_72]
	at java.net.PlainSocketImpl.connect(Unknown Source) ~[?:1.8.0_72]
	at java.net.SocksSocketImpl.connect(Unknown Source) ~[?:1.8.0_72]
	at java.net.Socket.connect(Unknown Source) ~[?:1.8.0_72]
	at sun.net.NetworkClient.doConnect(Unknown Source) ~[?:1.8.0_72]
	at sun.net.www.http.HttpClient.openServer(Unknown Source) ~[?:1.8.0_72]
	at sun.net.www.http.HttpClient.openServer(Unknown Source) ~[?:1.8.0_72]
	at sun.net.www.http.HttpClient.<init>(Unknown Source) ~[?:1.8.0_72]
	at sun.net.www.http.HttpClient.New(Unknown Source) ~[?:1.8.0_72]
	at sun.net.www.http.HttpClient.New(Unknown Source) ~[?:1.8.0_72]
	at sun.net.www.protocol.http.HttpURLConnection.getNewHttpClient(Unknown Source) ~[?:1.8.0_72]
	at sun.net.www.protocol.http.HttpURLConnection.plainConnect0(Unknown Source) ~[?:1.8.0_72]
	at sun.net.www.protocol.http.HttpURLConnection.plainConnect(Unknown Source) ~[?:1.8.0_72]
	at sun.net.www.protocol.http.HttpURLConnection.connect(Unknown Source) ~[?:1.8.0_72]
	at org.jsoup.helper.HttpConnection$Response.execute(HttpConnection.java:512) ~[jsoup-1.8.3.jar:?]
	at org.jsoup.helper.HttpConnection$Response.execute(HttpConnection.java:493) ~[jsoup-1.8.3.jar:?]
	at org.jsoup.helper.HttpConnection.execute(HttpConnection.java:205) ~[jsoup-1.8.3.jar:?]
	at org.jsoup.helper.HttpConnection.get(HttpConnection.java:194) ~[jsoup-1.8.3.jar:?]
	at com.pramathi.demo.webcrawler.util.JsoupUtil.createDocumentFromURL(JsoupUtil.java:34) ~[classes/:?]
	at com.pramathi.demo.webcrawler.service.MailListHandler.lambda$0(MailListHandler.java:39) ~[classes/:?]
	at java.util.concurrent.ThreadPoolExecutor.runWorker(Unknown Source) [?:1.8.0_72]
	at java.util.concurrent.ThreadPoolExecutor$Worker.run(Unknown Source) [?:1.8.0_72]
	at java.lang.Thread.run(Unknown Source) [?:1.8.0_72]
[ERROR] 2017-07-03 02:17:50.493 [pool-40-thread-10] JsoupUtil - Error while connecting to [http://mail-archives.apache.org/mod_mbox/maven-users/201502.mbox/%3c54E9E95B.40409@techblue.co.uk%3e]. Refer stacktrace for detailed info
java.net.ConnectException: Connection timed out: connect
	at java.net.DualStackPlainSocketImpl.waitForConnect(Native Method) ~[?:1.8.0_72]
	at java.net.DualStackPlainSocketImpl.socketConnect(Unknown Source) ~[?:1.8.0_72]
	at java.net.AbstractPlainSocketImpl.doConnect(Unknown Source) ~[?:1.8.0_72]
	at java.net.AbstractPlainSocketImpl.connectToAddress(Unknown Source) ~[?:1.8.0_72]
	at java.net.AbstractPlainSocketImpl.connect(Unknown Source) ~[?:1.8.0_72]
	at java.net.PlainSocketImpl.connect(Unknown Source) ~[?:1.8.0_72]
	at java.net.SocksSocketImpl.connect(Unknown Source) ~[?:1.8.0_72]
	at java.net.Socket.connect(Unknown Source) ~[?:1.8.0_72]
	at sun.net.NetworkClient.doConnect(Unknown Source) ~[?:1.8.0_72]
	at sun.net.www.http.HttpClient.openServer(Unknown Source) ~[?:1.8.0_72]
	at sun.net.www.http.HttpClient.openServer(Unknown Source) ~[?:1.8.0_72]
	at sun.net.www.http.HttpClient.<init>(Unknown Source) ~[?:1.8.0_72]
	at sun.net.www.http.HttpClient.New(Unknown Source) ~[?:1.8.0_72]
	at sun.net.www.http.HttpClient.New(Unknown Source) ~[?:1.8.0_72]
	at sun.net.www.protocol.http.HttpURLConnection.getNewHttpClient(Unknown Source) ~[?:1.8.0_72]
	at sun.net.www.protocol.http.HttpURLConnection.plainConnect0(Unknown Source) ~[?:1.8.0_72]
	at sun.net.www.protocol.http.HttpURLConnection.plainConnect(Unknown Source) ~[?:1.8.0_72]
	at sun.net.www.protocol.http.HttpURLConnection.connect(Unknown Source) ~[?:1.8.0_72]
	at org.jsoup.helper.HttpConnection$Response.execute(HttpConnection.java:512) ~[jsoup-1.8.3.jar:?]
	at org.jsoup.helper.HttpConnection$Response.execute(HttpConnection.java:493) ~[jsoup-1.8.3.jar:?]
	at org.jsoup.helper.HttpConnection.execute(HttpConnection.java:205) ~[jsoup-1.8.3.jar:?]
	at org.jsoup.helper.HttpConnection.get(HttpConnection.java:194) ~[jsoup-1.8.3.jar:?]
	at com.pramathi.demo.webcrawler.util.JsoupUtil.createDocumentFromURL(JsoupUtil.java:34) ~[classes/:?]
	at com.pramathi.demo.webcrawler.service.MailListHandler.lambda$0(MailListHandler.java:39) ~[classes/:?]
	at java.util.concurrent.ThreadPoolExecutor.runWorker(Unknown Source) [?:1.8.0_72]
	at java.util.concurrent.ThreadPoolExecutor$Worker.run(Unknown Source) [?:1.8.0_72]
	at java.lang.Thread.run(Unknown Source) [?:1.8.0_72]
